<?xml version="1.0" encoding="UTF-8"?>
<!-- Generated by org.testng.reporters.JUnitReportReporter -->
<testsuite hostname="EC2AMAZ-S11DBRH" failures="0" tests="3" name="runners.CRMRunner" time="0.195" errors="1" timestamp="2023-12-19T04:37:29 GMT" skipped="0">
  <testcase classname="runners.CRMRunner" name="runScenario" time="0.148"/>
  <system-out/>
  <testcase classname="runners.CRMRunner" name="runScenario" time="0.025"/>
  <system-out/>
  <testcase classname="runners.CRMRunner" name="runScenario" time="0.022">
    <error message="TODO: implement me" type="io.cucumber.java.PendingException">
      <![CDATA[io.cucumber.java.PendingException: TODO: implement me
at stepDefs.CRMStepDef.user_is_on_login_page(CRMStepDef.java:12)
at âœ½.User is on LoginPage(file:///C:/Users/Administrator/git/15DecmBDDnew/src/test/resources/taggedFeatures/Contacts.feature:16)
]]>
    </error>
  </testcase> <!-- runScenario -->
  <system-out/>
</testsuite> <!-- runners.CRMRunner -->
